<?xml version="1.0" encoding="UTF-8"?>
<!-- Generated by org.testng.reporters.JUnitReportReporter -->
<testsuite hostname="DESKTOP-S88UOA8" failures="0" tests="2" name="projectpackage.TC_DatePicker" time="10.133" errors="0" timestamp="2023-03-15T11:28:36 IST" skipped="0">
  <testcase classname="projectpackage.TC_DatePicker" name="test" time="8.016"/>
  <system-out/>
  <testcase classname="projectpackage.TC_DatePicker" name="test" time="2.117"/>
  <system-out/>
</testsuite> <!-- projectpackage.TC_DatePicker -->
