<?xml version="1.0" encoding="UTF-8"?>
<!-- Generated by org.testng.reporters.JUnitReportReporter -->
<testsuite hostname="DESKTOP-S88UOA8" failures="0" tests="1" name="projectpackage.TC" time="1.570" errors="0" timestamp="2023-03-07T18:27:11 IST" skipped="0">
  <testcase classname="projectpackage.TC" name="test" time="1.570"/>
  <system-out/>
</testsuite> <!-- projectpackage.TC -->
