<?xml version="1.0" encoding="UTF-8"?>
<!-- Generated by org.testng.reporters.JUnitReportReporter -->
<testsuite hostname="DESKTOP-S88UOA8" failures="0" tests="2" name="projectpackage.TC_DropDown" time="4.777" errors="0" timestamp="2023-03-15T11:28:36 IST" skipped="0">
  <testcase classname="projectpackage.TC_DropDown" name="test" time="1.564"/>
  <system-out/>
  <testcase classname="projectpackage.TC_DropDown" name="test" time="3.213"/>
  <system-out/>
</testsuite> <!-- projectpackage.TC_DropDown -->
