<?xml version="1.0" encoding="UTF-8"?>
<!-- Generated by org.testng.reporters.JUnitReportReporter -->
<testsuite hostname="DESKTOP-S88UOA8" failures="0" tests="1" name="projectpackage.TC_SwitchWindow" time="4.149" errors="0" timestamp="2023-03-28T18:21:31 IST" skipped="0">
  <testcase classname="projectpackage.TC_SwitchWindow" name="test" time="4.149"/>
  <system-out/>
</testsuite> <!-- projectpackage.TC_SwitchWindow -->
