<?xml version="1.0" encoding="UTF-8"?>
<!-- Generated by org.testng.reporters.JUnitReportReporter -->
<testsuite hostname="DESKTOP-S88UOA8" failures="0" tests="1" name="projectpackage.TC_CopyAndPaste" time="9.244" errors="0" timestamp="2023-03-29T12:42:11 IST" skipped="0">
  <testcase classname="projectpackage.TC_CopyAndPaste" name="test" time="9.244"/>
  <system-out/>
</testsuite> <!-- projectpackage.TC_CopyAndPaste -->
