<?xml version="1.0" encoding="UTF-8"?>
<!-- Generated by org.testng.reporters.JUnitReportReporter -->
<testsuite hostname="DESKTOP-S88UOA8" failures="0" tests="1" name="projectpackage.TC_FileUploadUsingRobotClass" time="7.216" errors="0" timestamp="2023-03-15T11:28:36 IST" skipped="0">
  <testcase classname="projectpackage.TC_FileUploadUsingRobotClass" name="test" time="7.216"/>
  <system-out/>
</testsuite> <!-- projectpackage.TC_FileUploadUsingRobotClass -->
