<?xml version="1.0" encoding="UTF-8"?>
<!-- Generated by org.testng.reporters.JUnitReportReporter -->
<testsuite hostname="DESKTOP-S88UOA8" failures="0" tests="2" name="projectpackage.TC_FileUploadUsingSendKeys" time="2.791" errors="0" timestamp="2023-03-15T11:28:36 IST" skipped="0">
  <testcase classname="projectpackage.TC_FileUploadUsingSendKeys" name="test" time="0.838"/>
  <system-out/>
  <testcase classname="projectpackage.TC_FileUploadUsingSendKeys" name="test" time="1.953"/>
  <system-out/>
</testsuite> <!-- projectpackage.TC_FileUploadUsingSendKeys -->
