<?xml version="1.0" encoding="UTF-8"?>
<!-- Generated by org.testng.reporters.JUnitReportReporter -->
<testsuite hostname="DESKTOP-S88UOA8" failures="0" tests="3" name="projectpackage.TC_001" time="4.957" errors="0" timestamp="2023-03-07T18:39:48 IST" skipped="0">
  <testcase classname="projectpackage.TC_001" name="test" time="1.421"/>
  <system-out/>
  <testcase classname="projectpackage.TC_001" name="test" time="1.536"/>
  <system-out/>
  <testcase classname="projectpackage.TC_001" name="test" time="2.000"/>
  <system-out/>
</testsuite> <!-- projectpackage.TC_001 -->
