<?xml version="1.0" encoding="UTF-8"?>
<!-- Generated by org.testng.reporters.JUnitReportReporter -->
<testsuite hostname="DESKTOP-S88UOA8" failures="0" tests="1" name="projectpackage.TC_RadioButton" time="3.948" errors="0" timestamp="2023-03-27T18:55:32 IST" skipped="0">
  <testcase classname="projectpackage.TC_RadioButton" name="test" time="3.948"/>
  <system-out/>
</testsuite> <!-- projectpackage.TC_RadioButton -->
